<?xml version="1.0" encoding="UTF-8"?>
<!-- Generated by org.testng.reporters.JUnitXMLReporter -->
<testsuite ignored="0" hostname="GarvitDevice" failures="1" tests="3" name="Test" time="26.16" errors="0" timestamp="2022-11-18T11:58:02 IST">
  <testcase classname="com.dotKonnekt.tests.HomePageTest" name="printTeamName" time="10.48"/>
  <testcase classname="com.dotKonnekt.tests.HomePageTest" name="verifyPageHeading" time="0.182"/>
  <testcase classname="com.dotKonnekt.tests.HomePageTest" name="verifyTitle" time="5.463">
    <failure type="java.lang.AssertionError" message="expected [true] but found [false]">
      <![CDATA[java.lang.AssertionError: expected [true] but found [false]
at com.dotKonnekt.tests.HomePageTest.verifyTitle(HomePageTest.java:86)
at java.base/java.util.ArrayList.forEach(ArrayList.java:1511)
... Removed 29 stack frames]]>
    </failure>
  </testcase> <!-- verifyTitle -->
</testsuite> <!-- Test -->
