<?xml version="1.0" encoding="UTF-8"?>
<testng-results ignored="0" total="3" passed="2" failed="1" skipped="0">
  <reporter-output>
  </reporter-output>
  <suite started-at="2022-11-18T11:57:36 IST" name="Suite" finished-at="2022-11-18T11:58:02 IST" duration-ms="26160">
    <groups>
    </groups>
    <test started-at="2022-11-18T11:57:36 IST" name="Test" finished-at="2022-11-18T11:58:02 IST" duration-ms="26160">
      <class name="com.dotKonnekt.tests.HomePageTest">
        <test-method is-config="true" signature="loadConfig()[pri:0, instance:com.dotKonnekt.tests.HomePageTest@355ce81c]" started-at="2022-11-18T11:57:35 IST" name="loadConfig" finished-at="2022-11-18T11:57:36 IST" duration-ms="307" status="PASS">
          <reporter-output>
          </reporter-output>
        </test-method> <!-- loadConfig -->
        <test-method is-config="true" signature="setup()[pri:0, instance:com.dotKonnekt.tests.HomePageTest@355ce81c]" started-at="2022-11-18T11:57:36 IST" name="setup" finished-at="2022-11-18T11:57:39 IST" duration-ms="3716" status="PASS">
          <reporter-output>
          </reporter-output>
        </test-method> <!-- setup -->
        <test-method signature="printTeamName()[pri:0, instance:com.dotKonnekt.tests.HomePageTest@355ce81c]" started-at="2022-11-18T11:57:39 IST" name="printTeamName" finished-at="2022-11-18T11:57:50 IST" duration-ms="10480" status="PASS">
          <reporter-output>
          </reporter-output>
        </test-method> <!-- printTeamName -->
        <test-method is-config="true" signature="tearDown()[pri:0, instance:com.dotKonnekt.tests.HomePageTest@355ce81c]" started-at="2022-11-18T11:57:50 IST" name="tearDown" finished-at="2022-11-18T11:57:50 IST" duration-ms="233" status="PASS">
          <reporter-output>
          </reporter-output>
        </test-method> <!-- tearDown -->
        <test-method is-config="true" signature="setup()[pri:0, instance:com.dotKonnekt.tests.HomePageTest@355ce81c]" started-at="2022-11-18T11:57:50 IST" name="setup" finished-at="2022-11-18T11:57:52 IST" duration-ms="1875" status="PASS">
          <reporter-output>
          </reporter-output>
        </test-method> <!-- setup -->
        <test-method signature="verifyPageHeading()[pri:0, instance:com.dotKonnekt.tests.HomePageTest@355ce81c]" started-at="2022-11-18T11:57:52 IST" name="verifyPageHeading" finished-at="2022-11-18T11:57:52 IST" duration-ms="182" status="PASS">
          <reporter-output>
          </reporter-output>
        </test-method> <!-- verifyPageHeading -->
        <test-method is-config="true" signature="tearDown()[pri:0, instance:com.dotKonnekt.tests.HomePageTest@355ce81c]" started-at="2022-11-18T11:57:52 IST" name="tearDown" finished-at="2022-11-18T11:57:53 IST" duration-ms="814" status="PASS">
          <reporter-output>
          </reporter-output>
        </test-method> <!-- tearDown -->
        <test-method is-config="true" signature="setup()[pri:0, instance:com.dotKonnekt.tests.HomePageTest@355ce81c]" started-at="2022-11-18T11:57:53 IST" name="setup" finished-at="2022-11-18T11:57:56 IST" duration-ms="2993" status="PASS">
          <reporter-output>
          </reporter-output>
        </test-method> <!-- setup -->
        <test-method signature="verifyTitle()[pri:0, instance:com.dotKonnekt.tests.HomePageTest@355ce81c]" started-at="2022-11-18T11:57:56 IST" name="verifyTitle" finished-at="2022-11-18T11:58:01 IST" duration-ms="5463" status="FAIL">
          <exception class="java.lang.AssertionError">
            <message>
              <![CDATA[expected [true] but found [false]]]>
            </message>
            <full-stacktrace>
              <![CDATA[java.lang.AssertionError: expected [true] but found [false]
at org.testng.Assert.fail(Assert.java:110)
at org.testng.Assert.failNotEquals(Assert.java:1413)
at org.testng.Assert.assertTrue(Assert.java:56)
at org.testng.Assert.assertTrue(Assert.java:66)
at com.dotKonnekt.tests.HomePageTest.verifyTitle(HomePageTest.java:86)
at java.base/jdk.internal.reflect.DirectMethodHandleAccessor.invoke(DirectMethodHandleAccessor.java:104)
at java.base/java.lang.reflect.Method.invoke(Method.java:578)
at org.testng.internal.invokers.MethodInvocationHelper.invokeMethod(MethodInvocationHelper.java:139)
at org.testng.internal.invokers.TestInvoker.invokeMethod(TestInvoker.java:677)
at org.testng.internal.invokers.TestInvoker.invokeTestMethod(TestInvoker.java:221)
at org.testng.internal.invokers.MethodRunner.runInSequence(MethodRunner.java:50)
at org.testng.internal.invokers.TestInvoker$MethodInvocationAgent.invoke(TestInvoker.java:962)
at org.testng.internal.invokers.TestInvoker.invokeTestMethods(TestInvoker.java:194)
at org.testng.internal.invokers.TestMethodWorker.invokeTestMethods(TestMethodWorker.java:148)
at org.testng.internal.invokers.TestMethodWorker.run(TestMethodWorker.java:128)
at java.base/java.util.ArrayList.forEach(ArrayList.java:1511)
at org.testng.TestRunner.privateRun(TestRunner.java:806)
at org.testng.TestRunner.run(TestRunner.java:601)
at org.testng.SuiteRunner.runTest(SuiteRunner.java:433)
at org.testng.SuiteRunner.runSequentially(SuiteRunner.java:427)
at org.testng.SuiteRunner.privateRun(SuiteRunner.java:387)
at org.testng.SuiteRunner.run(SuiteRunner.java:330)
at org.testng.SuiteRunnerWorker.runSuite(SuiteRunnerWorker.java:52)
at org.testng.SuiteRunnerWorker.run(SuiteRunnerWorker.java:95)
at org.testng.TestNG.runSuitesSequentially(TestNG.java:1256)
at org.testng.TestNG.runSuitesLocally(TestNG.java:1176)
at org.testng.TestNG.runSuites(TestNG.java:1099)
at org.testng.TestNG.run(TestNG.java:1067)
at org.testng.remote.AbstractRemoteTestNG.run(AbstractRemoteTestNG.java:115)
at org.testng.remote.RemoteTestNG.initAndRun(RemoteTestNG.java:251)
at org.testng.remote.RemoteTestNG.main(RemoteTestNG.java:77)
]]>
            </full-stacktrace>
          </exception> <!-- java.lang.AssertionError -->
          <reporter-output>
          </reporter-output>
        </test-method> <!-- verifyTitle -->
        <test-method is-config="true" signature="tearDown()[pri:0, instance:com.dotKonnekt.tests.HomePageTest@355ce81c]" started-at="2022-11-18T11:58:02 IST" name="tearDown" finished-at="2022-11-18T11:58:02 IST" duration-ms="193" status="PASS">
          <reporter-output>
          </reporter-output>
        </test-method> <!-- tearDown -->
        <test-method is-config="true" signature="flush()[pri:0, instance:com.dotKonnekt.tests.HomePageTest@355ce81c]" started-at="2022-11-18T11:58:02 IST" name="flush" finished-at="2022-11-18T11:58:02 IST" duration-ms="411" status="PASS">
          <reporter-output>
          </reporter-output>
        </test-method> <!-- flush -->
      </class> <!-- com.dotKonnekt.tests.HomePageTest -->
    </test> <!-- Test -->
  </suite> <!-- Suite -->
</testng-results>
